<?xml version="1.0" encoding="UTF-8"?>
<!-- Generated by org.testng.reporters.JUnitReportReporter -->
<testsuite skipped="0" hostname="MACPK-ASIQA4" name="Master.Level2Connect" tests="4" failures="0" timestamp="2020-11-29T19:53:56 PKT" time="152.030" errors="0">
  <testcase name="ConnectLoginApp" time="8.477" classname="Master.Level2Connect"/>
  <testcase name="Advanced_SearchResult" time="3.557" classname="Master.Level2Connect"/>
  <testcase name="DistCreditScore" time="126.758" classname="Master.Level2Connect"/>
  <testcase name="ASIMediaStats" time="13.238" classname="Master.Level2Connect"/>
</testsuite> <!-- Master.Level2Connect -->
