<?xml version="1.0" encoding="UTF-8"?>
<!-- Generated by org.testng.reporters.JUnitReportReporter -->
<testsuite skipped="0" hostname="MACPK-ASIQA4" name="Master.ExecutionFile" tests="3" failures="0" timestamp="2021-01-27T17:27:44 PKT" time="78.886" errors="0">
  <testcase name="Login_to_SWAARM" time="8.380" classname="Master.ExecutionFile"/>
  <testcase name="At_least_2_publishers_defined" time="9.773" classname="Master.ExecutionFile"/>
  <testcase name="At_least_1_offer_with_a_budget_defined" time="60.733" classname="Master.ExecutionFile"/>
</testsuite> <!-- Master.ExecutionFile -->
