<?xml version="1.0" encoding="UTF-8"?>
<!-- Generated by org.testng.reporters.JUnitReportReporter -->
<testsuite hostname="MACPK-WKS-0132" failures="0" tests="3" name="Master.ExecutionFile" time="103.581" errors="0" timestamp="2021-01-28T01:10:11 PKT" skipped="0">
  <testcase classname="Master.ExecutionFile" name="Login_to_SWAARM" time="28.583"/>
  <testcase classname="Master.ExecutionFile" name="At_least_2_publishers_defined" time="10.629"/>
  <testcase classname="Master.ExecutionFile" name="At_least_1_offer_with_a_budget_defined" time="64.369"/>
</testsuite> <!-- Master.ExecutionFile -->
