<?xml version="1.0" encoding="UTF-8"?>
<!-- Generated by org.testng.reporters.JUnitReportReporter -->
<testsuite hostname="MACPK-WKS-0132" failures="0" tests="3" name="Master.ExecutionFile" time="94.957" errors="0" timestamp="2021-01-28T10:54:43 PKT" skipped="0">
  <testcase classname="Master.ExecutionFile" name="Login_to_SWAARM" time="21.119"/>
  <testcase classname="Master.ExecutionFile" name="At_least_2_publishers_defined" time="8.088"/>
  <testcase classname="Master.ExecutionFile" name="At_least_1_offer_with_a_budget_defined" time="65.750"/>
</testsuite> <!-- Master.ExecutionFile -->
