<?xml version="1.0" encoding="UTF-8"?>
<!-- Generated by org.testng.reporters.JUnitReportReporter -->
<testsuite skipped="0" hostname="MACPK-ASIQA4" name="Master.Level2Connect" tests="4" failures="0" timestamp="2021-01-27T16:18:45 PKT" time="184.850" errors="0">
  <testcase name="ConnectLoginApp" time="13.555" classname="Master.Level2Connect"/>
  <testcase name="Advanced_SearchResult" time="4.396" classname="Master.Level2Connect"/>
  <testcase name="DistCreditScore" time="128.031" classname="Master.Level2Connect"/>
  <testcase name="ASIMediaStats" time="38.868" classname="Master.Level2Connect"/>
</testsuite> <!-- Master.Level2Connect -->
